0 info it worked if it ends with ok
1 verbose cli [ 'node', '/usr/local/bin/npm', 'install', '-g', 'learnyounode' ]
2 info using npm@1.3.11
3 info using node@v0.10.31
4 verbose node symlink /usr/local/bin/node
5 verbose cache add [ 'learnyounode', null ]
6 verbose cache add name=undefined spec="learnyounode" args=["learnyounode",null]
7 verbose parsed url { protocol: null,
7 verbose parsed url   slashes: null,
7 verbose parsed url   auth: null,
7 verbose parsed url   host: null,
7 verbose parsed url   port: null,
7 verbose parsed url   hostname: null,
7 verbose parsed url   hash: null,
7 verbose parsed url   search: null,
7 verbose parsed url   query: null,
7 verbose parsed url   pathname: 'learnyounode',
7 verbose parsed url   path: 'learnyounode',
7 verbose parsed url   href: 'learnyounode' }
8 silly lockFile 8d456d9f-learnyounode learnyounode
9 verbose lock learnyounode /Users/student/.npm/8d456d9f-learnyounode.lock
10 silly lockFile 8d456d9f-learnyounode learnyounode
11 silly lockFile 8d456d9f-learnyounode learnyounode
12 verbose addNamed [ 'learnyounode', '' ]
13 verbose addNamed [ null, '*' ]
14 silly lockFile a353de34-learnyounode learnyounode@
15 verbose lock learnyounode@ /Users/student/.npm/a353de34-learnyounode.lock
16 silly addNameRange { name: 'learnyounode', range: '*', hasData: false }
17 verbose url raw learnyounode
18 verbose url resolving [ 'https://registry.npmjs.org/', './learnyounode' ]
19 verbose url resolved https://registry.npmjs.org/learnyounode
20 info trying registry request attempt 1 at 16:46:42
21 http GET https://registry.npmjs.org/learnyounode
22 http 200 https://registry.npmjs.org/learnyounode
23 silly registry.get cb [ 200,
23 silly registry.get   { date: 'Thu, 19 Feb 2015 23:46:42 GMT',
23 silly registry.get     server: 'CouchDB/1.5.0 (Erlang OTP/R16B03)',
23 silly registry.get     etag: '"EQU37J0CS49NVILI0FZ4QCJ7T"',
23 silly registry.get     'content-type': 'application/json',
23 silly registry.get     'cache-control': 'max-age=60',
23 silly registry.get     'content-length': '104836',
23 silly registry.get     'accept-ranges': 'bytes',
23 silly registry.get     via: '1.1 varnish',
23 silly registry.get     age: '0',
23 silly registry.get     'x-served-by': 'cache-ord1725-ORD',
23 silly registry.get     'x-cache': 'HIT',
23 silly registry.get     'x-cache-hits': '1',
23 silly registry.get     'x-timer': 'S1424389602.744710,VS0,VE29',
23 silly registry.get     vary: 'Accept',
23 silly registry.get     'keep-alive': 'timeout=10, max=50',
23 silly registry.get     connection: 'Keep-Alive' } ]
24 silly addNameRange number 2 { name: 'learnyounode', range: '*', hasData: true }
25 silly addNameRange versions [ 'learnyounode',
25 silly addNameRange   [ '0.0.0',
25 silly addNameRange     '0.0.1',
25 silly addNameRange     '0.0.2',
25 silly addNameRange     '0.0.3',
25 silly addNameRange     '0.0.4',
25 silly addNameRange     '0.0.5',
25 silly addNameRange     '0.0.6',
25 silly addNameRange     '0.0.7',
25 silly addNameRange     '0.0.8',
25 silly addNameRange     '0.0.9',
25 silly addNameRange     '0.1.0',
25 silly addNameRange     '0.1.1',
25 silly addNameRange     '0.2.0',
25 silly addNameRange     '0.2.1',
25 silly addNameRange     '0.2.2',
25 silly addNameRange     '0.2.3',
25 silly addNameRange     '0.2.4',
25 silly addNameRange     '0.2.5',
25 silly addNameRange     '0.2.6',
25 silly addNameRange     '0.2.7',
25 silly addNameRange     '0.2.8',
25 silly addNameRange     '0.2.9',
25 silly addNameRange     '0.2.10',
25 silly addNameRange     '0.2.11',
25 silly addNameRange     '0.2.12',
25 silly addNameRange     '0.2.13',
25 silly addNameRange     '0.2.14',
25 silly addNameRange     '0.2.15',
25 silly addNameRange     '0.2.16',
25 silly addNameRange     '0.2.16-mimbug',
25 silly addNameRange     '0.3.0',
25 silly addNameRange     '0.3.1',
25 silly addNameRange     '0.3.2',
25 silly addNameRange     '0.3.3',
25 silly addNameRange     '0.4.0',
25 silly addNameRange     '0.4.1',
25 silly addNameRange     '1.0.0-alpha01',
25 silly addNameRange     '1.0.0',
25 silly addNameRange     '1.0.1',
25 silly addNameRange     '1.0.2',
25 silly addNameRange     '1.0.3',
25 silly addNameRange     '1.0.4',
25 silly addNameRange     '1.0.5',
25 silly addNameRange     '1.0.6',
25 silly addNameRange     '1.0.7',
25 silly addNameRange     '2.0.0',
25 silly addNameRange     '2.0.1',
25 silly addNameRange     '2.1.0',
25 silly addNameRange     '2.2.0',
25 silly addNameRange     '2.2.1',
25 silly addNameRange     '2.2.2',
25 silly addNameRange     '2.3.0',
25 silly addNameRange     '2.3.1',
25 silly addNameRange     '2.3.2',
25 silly addNameRange     '2.3.3',
25 silly addNameRange     '2.3.4',
25 silly addNameRange     '2.4.0',
25 silly addNameRange     '2.5.0',
25 silly addNameRange     '2.6.0' ] ]
26 verbose addNamed [ 'learnyounode', '2.5.0' ]
27 verbose addNamed [ '2.5.0', '2.5.0' ]
28 silly lockFile a597ee04-learnyounode-2-5-0 learnyounode@2.5.0
29 verbose lock learnyounode@2.5.0 /Users/student/.npm/a597ee04-learnyounode-2-5-0.lock
30 silly lockFile 0fd62586-rnyounode-learnyounode-2-5-0-tgz https://registry.npmjs.org/learnyounode/-/learnyounode-2.5.0.tgz
31 verbose lock https://registry.npmjs.org/learnyounode/-/learnyounode-2.5.0.tgz /Users/student/.npm/0fd62586-rnyounode-learnyounode-2-5-0-tgz.lock
32 verbose addRemoteTarball [ 'https://registry.npmjs.org/learnyounode/-/learnyounode-2.5.0.tgz',
32 verbose addRemoteTarball   '2597aca22d5759a05d9b417970005b3b67401291' ]
33 info retry fetch attempt 1 at 16:46:42
34 verbose fetch to= /var/folders/q1/1t501pjx4hn9sbnvhmb8bvg80000gt/T/npm-55159-zqnXNYtl/1424389602969-0.904520467389375/tmp.tgz
35 http GET https://registry.npmjs.org/learnyounode/-/learnyounode-2.5.0.tgz
36 http 200 https://registry.npmjs.org/learnyounode/-/learnyounode-2.5.0.tgz
37 verbose tar unpack /var/folders/q1/1t501pjx4hn9sbnvhmb8bvg80000gt/T/npm-55159-zqnXNYtl/1424389602969-0.904520467389375/tmp.tgz
38 silly lockFile 2bd4d329-602969-0-904520467389375-package tar:///var/folders/q1/1t501pjx4hn9sbnvhmb8bvg80000gt/T/npm-55159-zqnXNYtl/1424389602969-0.904520467389375/package
39 verbose lock tar:///var/folders/q1/1t501pjx4hn9sbnvhmb8bvg80000gt/T/npm-55159-zqnXNYtl/1424389602969-0.904520467389375/package /Users/student/.npm/2bd4d329-602969-0-904520467389375-package.lock
40 silly lockFile 5b8e0745-602969-0-904520467389375-tmp-tgz tar:///var/folders/q1/1t501pjx4hn9sbnvhmb8bvg80000gt/T/npm-55159-zqnXNYtl/1424389602969-0.904520467389375/tmp.tgz
41 verbose lock tar:///var/folders/q1/1t501pjx4hn9sbnvhmb8bvg80000gt/T/npm-55159-zqnXNYtl/1424389602969-0.904520467389375/tmp.tgz /Users/student/.npm/5b8e0745-602969-0-904520467389375-tmp-tgz.lock
42 silly gunzTarPerm modes [ '755', '644' ]
43 silly gunzTarPerm extractEntry package.json
44 silly gunzTarPerm extractEntry .npmignore
45 silly gunzTarPerm modified mode [ '.npmignore', 436, 420 ]
46 silly gunzTarPerm extractEntry README.md
47 silly gunzTarPerm extractEntry credits.js
48 silly gunzTarPerm modified mode [ 'credits.js', 436, 420 ]
49 silly gunzTarPerm extractEntry learnyounode.js
50 silly gunzTarPerm extractEntry credits.txt
51 silly gunzTarPerm extractEntry docs/bl.html
52 silly gunzTarPerm extractEntry docs/concat-stream.html
53 silly gunzTarPerm extractEntry docs/through2-map.html
54 silly gunzTarPerm extractEntry .jshintrc
55 silly gunzTarPerm extractEntry i18n/credits/en.txt
56 silly gunzTarPerm modified mode [ 'i18n/credits/en.txt', 436, 420 ]
57 silly gunzTarPerm extractEntry i18n/credits/es.txt
58 silly gunzTarPerm modified mode [ 'i18n/credits/es.txt', 436, 420 ]
59 silly gunzTarPerm extractEntry i18n/credits/fr.txt
60 silly gunzTarPerm extractEntry i18n/credits/ja.txt
61 silly gunzTarPerm modified mode [ 'i18n/credits/ja.txt', 436, 420 ]
62 silly gunzTarPerm extractEntry i18n/credits/pt-br.txt
63 silly gunzTarPerm extractEntry i18n/credits/ru.txt
64 silly gunzTarPerm extractEntry i18n/credits/zh-cn.txt
65 silly gunzTarPerm modified mode [ 'i18n/credits/zh-cn.txt', 436, 420 ]
66 silly gunzTarPerm extractEntry i18n/credits/zh-tw.txt
67 silly gunzTarPerm modified mode [ 'i18n/credits/zh-tw.txt', 436, 420 ]
68 silly gunzTarPerm extractEntry i18n/en.json
69 silly gunzTarPerm extractEntry i18n/es.json
70 silly gunzTarPerm modified mode [ 'i18n/es.json', 436, 420 ]
71 silly gunzTarPerm extractEntry i18n/fr.json
72 silly gunzTarPerm extractEntry i18n/help/en.txt
73 silly gunzTarPerm modified mode [ 'i18n/help/en.txt', 436, 420 ]
74 silly gunzTarPerm extractEntry i18n/help/es.txt
75 silly gunzTarPerm modified mode [ 'i18n/help/es.txt', 436, 420 ]
76 silly gunzTarPerm extractEntry i18n/help/fr.txt
77 silly gunzTarPerm extractEntry i18n/help/ja.txt
78 silly gunzTarPerm modified mode [ 'i18n/help/ja.txt', 436, 420 ]
79 silly gunzTarPerm extractEntry i18n/help/pt-br.txt
80 silly gunzTarPerm extractEntry i18n/help/ru.txt
81 silly gunzTarPerm extractEntry i18n/help/zh-cn.txt
82 silly gunzTarPerm modified mode [ 'i18n/help/zh-cn.txt', 436, 420 ]
83 silly gunzTarPerm extractEntry i18n/help/zh-tw.txt
84 silly gunzTarPerm modified mode [ 'i18n/help/zh-tw.txt', 436, 420 ]
85 silly gunzTarPerm extractEntry i18n/ja.json
86 silly gunzTarPerm modified mode [ 'i18n/ja.json', 436, 420 ]
87 silly gunzTarPerm extractEntry i18n/pt-br.json
88 silly gunzTarPerm extractEntry i18n/ru.json
89 silly gunzTarPerm extractEntry i18n/zh-cn.json
90 silly gunzTarPerm modified mode [ 'i18n/zh-cn.json', 436, 420 ]
91 silly gunzTarPerm extractEntry i18n/zh-tw.json
92 silly gunzTarPerm modified mode [ 'i18n/zh-tw.json', 436, 420 ]
93 silly gunzTarPerm extractEntry LICENSE.md
94 silly gunzTarPerm extractEntry lib/rndport.js
95 silly gunzTarPerm extractEntry node_apidoc/index.html
96 silly gunzTarPerm modified mode [ 'node_apidoc/index.html', 436, 420 ]
97 silly gunzTarPerm extractEntry node_apidoc/_toc.html
98 silly gunzTarPerm modified mode [ 'node_apidoc/_toc.html', 436, 420 ]
99 silly gunzTarPerm extractEntry node_apidoc/all.html
100 silly gunzTarPerm modified mode [ 'node_apidoc/all.html', 436, 420 ]
101 silly gunzTarPerm extractEntry node_apidoc/assert.html
102 silly gunzTarPerm modified mode [ 'node_apidoc/assert.html', 436, 420 ]
103 silly gunzTarPerm extractEntry node_apidoc/assets/joyent-footer.svg
104 silly gunzTarPerm modified mode [ 'node_apidoc/assets/joyent-footer.svg', 436, 420 ]
105 silly gunzTarPerm extractEntry node_apidoc/assets/logo.svg
106 silly gunzTarPerm modified mode [ 'node_apidoc/assets/logo.svg', 436, 420 ]
107 silly gunzTarPerm extractEntry node_apidoc/assets/sh.css
108 silly gunzTarPerm extractEntry node_apidoc/assets/style.css
109 silly gunzTarPerm modified mode [ 'node_apidoc/assets/style.css', 436, 420 ]
110 silly gunzTarPerm extractEntry node_apidoc/buffer.html
111 silly gunzTarPerm modified mode [ 'node_apidoc/buffer.html', 436, 420 ]
112 silly gunzTarPerm extractEntry node_apidoc/child_process.html
113 silly gunzTarPerm modified mode [ 'node_apidoc/child_process.html', 436, 420 ]
114 silly gunzTarPerm extractEntry node_apidoc/cluster.html
115 silly gunzTarPerm modified mode [ 'node_apidoc/cluster.html', 436, 420 ]
116 silly gunzTarPerm extractEntry node_apidoc/console.html
117 silly gunzTarPerm modified mode [ 'node_apidoc/console.html', 436, 420 ]
118 silly gunzTarPerm extractEntry node_apidoc/crypto.html
119 silly gunzTarPerm modified mode [ 'node_apidoc/crypto.html', 436, 420 ]
120 silly gunzTarPerm extractEntry node_apidoc/debugger.html
121 silly gunzTarPerm modified mode [ 'node_apidoc/debugger.html', 436, 420 ]
122 silly gunzTarPerm extractEntry node_apidoc/dgram.html
123 silly gunzTarPerm modified mode [ 'node_apidoc/dgram.html', 436, 420 ]
124 silly gunzTarPerm extractEntry node_apidoc/dns.html
125 silly gunzTarPerm modified mode [ 'node_apidoc/dns.html', 436, 420 ]
126 silly gunzTarPerm extractEntry node_apidoc/documentation.html
127 silly gunzTarPerm modified mode [ 'node_apidoc/documentation.html', 436, 420 ]
128 silly gunzTarPerm extractEntry node_apidoc/domain.html
129 silly gunzTarPerm modified mode [ 'node_apidoc/domain.html', 436, 420 ]
130 silly gunzTarPerm extractEntry node_apidoc/events.html
131 silly gunzTarPerm modified mode [ 'node_apidoc/events.html', 436, 420 ]
132 silly gunzTarPerm extractEntry node_apidoc/fs.html
133 silly gunzTarPerm modified mode [ 'node_apidoc/fs.html', 436, 420 ]
134 silly gunzTarPerm extractEntry node_apidoc/globals.html
135 silly gunzTarPerm modified mode [ 'node_apidoc/globals.html', 436, 420 ]
136 silly gunzTarPerm extractEntry node_apidoc/http.html
137 silly gunzTarPerm modified mode [ 'node_apidoc/http.html', 436, 420 ]
138 silly gunzTarPerm extractEntry node_apidoc/https.html
139 silly gunzTarPerm modified mode [ 'node_apidoc/https.html', 436, 420 ]
140 silly gunzTarPerm extractEntry node_apidoc/addons.html
141 silly gunzTarPerm modified mode [ 'node_apidoc/addons.html', 436, 420 ]
142 silly gunzTarPerm extractEntry node_apidoc/modules.html
143 silly gunzTarPerm modified mode [ 'node_apidoc/modules.html', 436, 420 ]
144 silly gunzTarPerm extractEntry node_apidoc/net.html
145 silly gunzTarPerm modified mode [ 'node_apidoc/net.html', 436, 420 ]
146 silly gunzTarPerm extractEntry node_apidoc/os.html
147 silly gunzTarPerm modified mode [ 'node_apidoc/os.html', 436, 420 ]
148 silly gunzTarPerm extractEntry node_apidoc/path.html
149 silly gunzTarPerm modified mode [ 'node_apidoc/path.html', 436, 420 ]
150 silly gunzTarPerm extractEntry node_apidoc/process.html
151 silly gunzTarPerm modified mode [ 'node_apidoc/process.html', 436, 420 ]
152 silly gunzTarPerm extractEntry node_apidoc/punycode.html
153 silly gunzTarPerm modified mode [ 'node_apidoc/punycode.html', 436, 420 ]
154 silly gunzTarPerm extractEntry node_apidoc/querystring.html
155 silly gunzTarPerm modified mode [ 'node_apidoc/querystring.html', 436, 420 ]
156 silly gunzTarPerm extractEntry node_apidoc/readline.html
157 silly gunzTarPerm modified mode [ 'node_apidoc/readline.html', 436, 420 ]
158 silly gunzTarPerm extractEntry node_apidoc/repl.html
159 silly gunzTarPerm modified mode [ 'node_apidoc/repl.html', 436, 420 ]
160 silly gunzTarPerm extractEntry node_apidoc/stream.html
161 silly gunzTarPerm modified mode [ 'node_apidoc/stream.html', 436, 420 ]
162 silly gunzTarPerm extractEntry node_apidoc/string_decoder.html
163 silly gunzTarPerm modified mode [ 'node_apidoc/string_decoder.html', 436, 420 ]
164 silly gunzTarPerm extractEntry node_apidoc/synopsis.html
165 silly gunzTarPerm modified mode [ 'node_apidoc/synopsis.html', 436, 420 ]
166 silly gunzTarPerm extractEntry node_apidoc/timers.html
167 silly gunzTarPerm modified mode [ 'node_apidoc/timers.html', 436, 420 ]
168 silly gunzTarPerm extractEntry node_apidoc/tls.html
169 silly gunzTarPerm modified mode [ 'node_apidoc/tls.html', 436, 420 ]
170 silly gunzTarPerm extractEntry node_apidoc/tty.html
171 silly gunzTarPerm modified mode [ 'node_apidoc/tty.html', 436, 420 ]
172 silly gunzTarPerm extractEntry node_apidoc/url.html
173 silly gunzTarPerm modified mode [ 'node_apidoc/url.html', 436, 420 ]
174 silly gunzTarPerm extractEntry node_apidoc/util.html
175 silly gunzTarPerm modified mode [ 'node_apidoc/util.html', 436, 420 ]
176 silly gunzTarPerm extractEntry node_apidoc/vm.html
177 silly gunzTarPerm modified mode [ 'node_apidoc/vm.html', 436, 420 ]
178 silly gunzTarPerm extractEntry node_apidoc/zlib.html
179 silly gunzTarPerm modified mode [ 'node_apidoc/zlib.html', 436, 420 ]
180 silly gunzTarPerm extractEntry exercises/http_uppercaserer/exercise.js
181 silly gunzTarPerm modified mode [ 'exercises/http_uppercaserer/exercise.js', 436, 420 ]
182 silly gunzTarPerm extractEntry exercises/http_uppercaserer/problem.es.md
183 silly gunzTarPerm modified mode [ 'exercises/http_uppercaserer/problem.es.md', 436, 420 ]
184 silly gunzTarPerm extractEntry exercises/http_uppercaserer/problem.fr.md
185 silly gunzTarPerm extractEntry exercises/http_uppercaserer/problem.ja.md
186 silly gunzTarPerm modified mode [ 'exercises/http_uppercaserer/problem.ja.md', 436, 420 ]
187 silly gunzTarPerm extractEntry exercises/http_uppercaserer/problem.md
188 silly gunzTarPerm extractEntry exercises/http_uppercaserer/problem.pt-br.md
189 silly gunzTarPerm extractEntry exercises/http_uppercaserer/problem.ru.md
190 silly gunzTarPerm extractEntry exercises/http_uppercaserer/problem.zh-cn.md
191 silly gunzTarPerm extractEntry exercises/http_uppercaserer/problem.zh-tw.md
192 silly gunzTarPerm modified mode [ 'exercises/http_uppercaserer/problem.zh-tw.md', 436, 420 ]
193 silly gunzTarPerm extractEntry exercises/http_uppercaserer/solution/solution.js
194 silly gunzTarPerm extractEntry exercises/baby_steps/exercise.js
195 silly gunzTarPerm extractEntry exercises/baby_steps/problem.es.md
196 silly gunzTarPerm modified mode [ 'exercises/baby_steps/problem.es.md', 436, 420 ]
197 silly gunzTarPerm extractEntry exercises/baby_steps/problem.fr.md
198 silly gunzTarPerm extractEntry exercises/baby_steps/problem.ja.md
199 silly gunzTarPerm modified mode [ 'exercises/baby_steps/problem.ja.md', 436, 420 ]
200 silly gunzTarPerm extractEntry exercises/baby_steps/problem.md
201 silly gunzTarPerm extractEntry exercises/baby_steps/problem.pt-br.md
202 silly gunzTarPerm extractEntry exercises/baby_steps/problem.ru.md
203 silly gunzTarPerm extractEntry exercises/baby_steps/problem.zh-cn.md
204 silly gunzTarPerm extractEntry exercises/baby_steps/problem.zh-tw.md
205 silly gunzTarPerm modified mode [ 'exercises/baby_steps/problem.zh-tw.md', 436, 420 ]
206 silly gunzTarPerm extractEntry exercises/baby_steps/solution/solution.js
207 silly gunzTarPerm extractEntry exercises/hello_world/exercise.js
208 silly gunzTarPerm extractEntry exercises/hello_world/solution_ja/solution.js
209 silly gunzTarPerm modified mode [ 'exercises/hello_world/solution_ja/solution.js', 436, 420 ]
210 silly gunzTarPerm extractEntry exercises/hello_world/problem.fr.md
211 silly gunzTarPerm extractEntry exercises/hello_world/problem.ja.md
212 silly gunzTarPerm modified mode [ 'exercises/hello_world/problem.ja.md', 436, 420 ]
213 silly gunzTarPerm extractEntry exercises/hello_world/problem.md
214 silly gunzTarPerm extractEntry exercises/hello_world/problem.pt-br.md
215 silly gunzTarPerm extractEntry exercises/hello_world/problem.es.md
216 silly gunzTarPerm modified mode [ 'exercises/hello_world/problem.es.md', 436, 420 ]
217 silly gunzTarPerm extractEntry exercises/hello_world/problem.zh-cn.md
218 silly gunzTarPerm extractEntry exercises/hello_world/problem.zh-tw.md
219 silly gunzTarPerm modified mode [ 'exercises/hello_world/problem.zh-tw.md', 436, 420 ]
220 silly gunzTarPerm extractEntry exercises/hello_world/solution/solution.js
221 silly gunzTarPerm modified mode [ 'exercises/hello_world/solution/solution.js', 436, 420 ]
222 silly gunzTarPerm extractEntry exercises/hello_world/solution_fr/solution.js
223 silly gunzTarPerm extractEntry exercises/hello_world/problem.ru.md
224 silly gunzTarPerm extractEntry exercises/http_client/exercise.js
225 silly gunzTarPerm extractEntry exercises/http_client/problem.es.md
226 silly gunzTarPerm modified mode [ 'exercises/http_client/problem.es.md', 436, 420 ]
227 silly gunzTarPerm extractEntry exercises/http_client/problem.fr.md
228 silly gunzTarPerm extractEntry exercises/http_client/problem.ja.md
229 silly gunzTarPerm modified mode [ 'exercises/http_client/problem.ja.md', 436, 420 ]
230 silly gunzTarPerm extractEntry exercises/http_client/problem.md
231 silly gunzTarPerm modified mode [ 'exercises/http_client/problem.md', 436, 420 ]
232 silly gunzTarPerm extractEntry exercises/http_client/problem.pt-br.md
233 silly gunzTarPerm extractEntry exercises/http_client/problem.ru.md
234 silly gunzTarPerm extractEntry exercises/http_client/problem.zh-cn.md
235 silly gunzTarPerm extractEntry exercises/http_client/problem.zh-tw.md
236 silly gunzTarPerm modified mode [ 'exercises/http_client/problem.zh-tw.md', 436, 420 ]
237 silly gunzTarPerm extractEntry exercises/http_client/solution/solution.js
238 silly gunzTarPerm extractEntry exercises/http_collect/exercise.js
239 silly gunzTarPerm modified mode [ 'exercises/http_collect/exercise.js', 436, 420 ]
240 silly gunzTarPerm extractEntry exercises/http_collect/problem.es.md
241 silly gunzTarPerm modified mode [ 'exercises/http_collect/problem.es.md', 436, 420 ]
242 silly gunzTarPerm extractEntry exercises/http_collect/problem.fr.md
243 silly gunzTarPerm extractEntry exercises/http_collect/problem.ja.md
244 silly gunzTarPerm modified mode [ 'exercises/http_collect/problem.ja.md', 436, 420 ]
245 silly gunzTarPerm extractEntry exercises/http_collect/problem.md
246 silly gunzTarPerm modified mode [ 'exercises/http_collect/problem.md', 436, 420 ]
247 silly gunzTarPerm extractEntry exercises/http_collect/problem.pt-br.md
248 silly gunzTarPerm extractEntry exercises/http_collect/problem.ru.md
249 silly gunzTarPerm extractEntry exercises/http_collect/problem.zh-cn.md
250 silly gunzTarPerm extractEntry exercises/http_collect/problem.zh-tw.md
251 silly gunzTarPerm modified mode [ 'exercises/http_collect/problem.zh-tw.md', 436, 420 ]
252 silly gunzTarPerm extractEntry exercises/http_collect/solution/solution.js
253 silly gunzTarPerm extractEntry exercises/http_file_server/exercise.js
254 silly gunzTarPerm modified mode [ 'exercises/http_file_server/exercise.js', 436, 420 ]
255 silly gunzTarPerm extractEntry exercises/http_file_server/problem.es.md
256 silly gunzTarPerm modified mode [ 'exercises/http_file_server/problem.es.md', 436, 420 ]
257 silly gunzTarPerm extractEntry exercises/http_file_server/problem.fr.md
258 silly gunzTarPerm extractEntry exercises/http_file_server/problem.ja.md
259 silly gunzTarPerm modified mode [ 'exercises/http_file_server/problem.ja.md', 436, 420 ]
260 silly gunzTarPerm extractEntry exercises/http_file_server/problem.md
261 silly gunzTarPerm extractEntry exercises/http_file_server/problem.pt-br.md
262 silly gunzTarPerm extractEntry exercises/http_file_server/problem.ru.md
263 silly gunzTarPerm extractEntry exercises/http_file_server/problem.zh-cn.md
264 silly gunzTarPerm extractEntry exercises/http_file_server/problem.zh-tw.md
265 silly gunzTarPerm modified mode [ 'exercises/http_file_server/problem.zh-tw.md', 436, 420 ]
266 silly gunzTarPerm extractEntry exercises/http_file_server/solution/solution.js
267 silly gunzTarPerm extractEntry exercises/http_json_api_server/exercise.js
268 silly gunzTarPerm extractEntry exercises/http_json_api_server/problem.es.md
269 silly gunzTarPerm modified mode [ 'exercises/http_json_api_server/problem.es.md', 436, 420 ]
270 silly gunzTarPerm extractEntry exercises/http_json_api_server/problem.fr.md
271 silly gunzTarPerm extractEntry exercises/http_json_api_server/problem.ja.md
272 silly gunzTarPerm modified mode [ 'exercises/http_json_api_server/problem.ja.md', 436, 420 ]
273 silly gunzTarPerm extractEntry exercises/http_json_api_server/problem.md
274 silly gunzTarPerm extractEntry exercises/http_json_api_server/problem.pt-br.md
275 silly gunzTarPerm extractEntry exercises/http_json_api_server/problem.ru.md
276 silly gunzTarPerm extractEntry exercises/http_json_api_server/problem.zh-cn.md
277 silly gunzTarPerm extractEntry exercises/http_json_api_server/problem.zh-tw.md
278 silly gunzTarPerm modified mode [ 'exercises/http_json_api_server/problem.zh-tw.md', 436, 420 ]
279 silly gunzTarPerm extractEntry exercises/http_json_api_server/solution/solution.js
280 silly gunzTarPerm extractEntry exercises/filtered_ls/exercise.js
281 silly gunzTarPerm modified mode [ 'exercises/filtered_ls/exercise.js', 436, 420 ]
282 silly gunzTarPerm extractEntry exercises/filtered_ls/solution/solution.js
283 silly gunzTarPerm extractEntry exercises/filtered_ls/problem.es.md
284 silly gunzTarPerm modified mode [ 'exercises/filtered_ls/problem.es.md', 436, 420 ]
285 silly gunzTarPerm extractEntry exercises/filtered_ls/problem.fr.md
286 silly gunzTarPerm extractEntry exercises/filtered_ls/problem.ja.md
287 silly gunzTarPerm modified mode [ 'exercises/filtered_ls/problem.ja.md', 436, 420 ]
288 silly gunzTarPerm extractEntry exercises/filtered_ls/file-list.json
289 silly gunzTarPerm extractEntry exercises/filtered_ls/problem.pt-br.md
290 silly gunzTarPerm extractEntry exercises/filtered_ls/problem.ru.md
291 silly gunzTarPerm extractEntry exercises/filtered_ls/problem.zh-cn.md
292 silly gunzTarPerm extractEntry exercises/filtered_ls/problem.zh-tw.md
293 silly gunzTarPerm modified mode [ 'exercises/filtered_ls/problem.zh-tw.md', 436, 420 ]
294 silly gunzTarPerm extractEntry exercises/filtered_ls/problem.md
295 silly gunzTarPerm extractEntry exercises/juggling_async/exercise.js
296 silly gunzTarPerm extractEntry exercises/juggling_async/problem.es.md
297 silly gunzTarPerm modified mode [ 'exercises/juggling_async/problem.es.md', 436, 420 ]
298 silly gunzTarPerm extractEntry exercises/juggling_async/problem.fr.md
299 silly gunzTarPerm extractEntry exercises/juggling_async/problem.ja.md
300 silly gunzTarPerm modified mode [ 'exercises/juggling_async/problem.ja.md', 436, 420 ]
301 silly gunzTarPerm extractEntry exercises/juggling_async/problem.md
302 silly gunzTarPerm extractEntry exercises/juggling_async/problem.pt-br.md
303 silly gunzTarPerm extractEntry exercises/juggling_async/problem.ru.md
304 silly gunzTarPerm extractEntry exercises/juggling_async/problem.zh-cn.md
305 silly gunzTarPerm extractEntry exercises/juggling_async/problem.zh-tw.md
306 silly gunzTarPerm modified mode [ 'exercises/juggling_async/problem.zh-tw.md', 436, 420 ]
307 silly gunzTarPerm extractEntry exercises/juggling_async/solution/solution.js
308 silly gunzTarPerm modified mode [ 'exercises/juggling_async/solution/solution.js', 436, 420 ]
309 silly gunzTarPerm extractEntry exercises/make_it_modular/exercise.js
310 silly gunzTarPerm extractEntry exercises/make_it_modular/verify.js
311 silly gunzTarPerm extractEntry exercises/make_it_modular/wrap-requires.js
312 silly gunzTarPerm extractEntry exercises/make_it_modular/problem.ja.md
313 silly gunzTarPerm modified mode [ 'exercises/make_it_modular/problem.ja.md', 436, 420 ]
314 silly gunzTarPerm extractEntry exercises/make_it_modular/problem.md
315 silly gunzTarPerm modified mode [ 'exercises/make_it_modular/problem.md', 436, 420 ]
316 silly gunzTarPerm extractEntry exercises/make_it_modular/problem.pt-br.md
317 silly gunzTarPerm extractEntry exercises/make_it_modular/problem.es.md
318 silly gunzTarPerm modified mode [ 'exercises/make_it_modular/problem.es.md', 436, 420 ]
319 silly gunzTarPerm extractEntry exercises/make_it_modular/problem.zh-cn.md
320 silly gunzTarPerm modified mode [ 'exercises/make_it_modular/problem.zh-cn.md', 436, 420 ]
321 silly gunzTarPerm extractEntry exercises/make_it_modular/problem.zh-tw.md
322 silly gunzTarPerm modified mode [ 'exercises/make_it_modular/problem.zh-tw.md', 436, 420 ]
323 silly gunzTarPerm extractEntry exercises/make_it_modular/solution/solution.js
324 silly gunzTarPerm extractEntry exercises/make_it_modular/solution/solution_filter.js
325 silly gunzTarPerm extractEntry exercises/make_it_modular/problem.fr.md
326 silly gunzTarPerm extractEntry exercises/make_it_modular/problem.ru.md
327 silly gunzTarPerm extractEntry exercises/menu.json
328 silly gunzTarPerm modified mode [ 'exercises/menu.json', 436, 420 ]
329 silly gunzTarPerm extractEntry exercises/my_first_async_io/exercise.js
330 silly gunzTarPerm modified mode [ 'exercises/my_first_async_io/exercise.js', 436, 420 ]
331 silly gunzTarPerm extractEntry exercises/my_first_async_io/solution_ja/solution.js
332 silly gunzTarPerm modified mode [ 'exercises/my_first_async_io/solution_ja/solution.js',
332 silly gunzTarPerm   436,
332 silly gunzTarPerm   420 ]
333 silly gunzTarPerm extractEntry exercises/my_first_async_io/problem.fr.md
334 silly gunzTarPerm extractEntry exercises/my_first_async_io/problem.ja.md
335 silly gunzTarPerm modified mode [ 'exercises/my_first_async_io/problem.ja.md', 436, 420 ]
336 silly gunzTarPerm extractEntry exercises/my_first_async_io/problem.md
337 silly gunzTarPerm extractEntry exercises/my_first_async_io/problem.pt-br.md
338 silly gunzTarPerm extractEntry exercises/my_first_async_io/problem.es.md
339 silly gunzTarPerm modified mode [ 'exercises/my_first_async_io/problem.es.md', 436, 420 ]
340 silly gunzTarPerm extractEntry exercises/my_first_async_io/problem.zh-cn.md
341 silly gunzTarPerm modified mode [ 'exercises/my_first_async_io/problem.zh-cn.md', 436, 420 ]
342 silly gunzTarPerm extractEntry exercises/my_first_async_io/problem.zh-tw.md
343 silly gunzTarPerm modified mode [ 'exercises/my_first_async_io/problem.zh-tw.md', 436, 420 ]
344 silly gunzTarPerm extractEntry exercises/my_first_async_io/solution/solution.js
345 silly gunzTarPerm extractEntry exercises/my_first_async_io/solution_fr/solution.js
346 silly gunzTarPerm extractEntry exercises/my_first_async_io/problem.ru.md
347 silly gunzTarPerm extractEntry exercises/my_first_io/exercise.js
348 silly gunzTarPerm modified mode [ 'exercises/my_first_io/exercise.js', 436, 420 ]
349 silly gunzTarPerm extractEntry exercises/my_first_io/wrap.js
350 silly gunzTarPerm extractEntry exercises/my_first_io/problem.zh-cn.md
351 silly gunzTarPerm modified mode [ 'exercises/my_first_io/problem.zh-cn.md', 436, 420 ]
352 silly gunzTarPerm extractEntry exercises/my_first_io/problem.fr.md
353 silly gunzTarPerm extractEntry exercises/my_first_io/problem.md
354 silly gunzTarPerm extractEntry exercises/my_first_io/problem.pt-br.md
355 silly gunzTarPerm extractEntry exercises/my_first_io/problem.es.md
356 silly gunzTarPerm modified mode [ 'exercises/my_first_io/problem.es.md', 436, 420 ]
357 silly gunzTarPerm extractEntry exercises/my_first_io/problem.ja.md
358 silly gunzTarPerm extractEntry exercises/my_first_io/problem.zh-tw.md
359 silly gunzTarPerm modified mode [ 'exercises/my_first_io/problem.zh-tw.md', 436, 420 ]
360 silly gunzTarPerm extractEntry exercises/my_first_io/solution/solution.js
361 silly gunzTarPerm extractEntry exercises/my_first_io/solution_fr/solution.js
362 silly gunzTarPerm extractEntry exercises/my_first_io/solution_ja/solution.js
363 silly gunzTarPerm modified mode [ 'exercises/my_first_io/solution_ja/solution.js', 436, 420 ]
364 silly gunzTarPerm extractEntry exercises/my_first_io/problem.ru.md
365 silly gunzTarPerm extractEntry exercises/time_server/exercise.js
366 silly gunzTarPerm modified mode [ 'exercises/time_server/exercise.js', 436, 420 ]
367 silly gunzTarPerm extractEntry exercises/time_server/problem.es.md
368 silly gunzTarPerm modified mode [ 'exercises/time_server/problem.es.md', 436, 420 ]
369 silly gunzTarPerm extractEntry exercises/time_server/problem.fr.md
370 silly gunzTarPerm extractEntry exercises/time_server/problem.ja.md
371 silly gunzTarPerm modified mode [ 'exercises/time_server/problem.ja.md', 436, 420 ]
372 silly gunzTarPerm extractEntry exercises/time_server/problem.md
373 silly gunzTarPerm extractEntry exercises/time_server/problem.pt-br.md
374 silly gunzTarPerm extractEntry exercises/time_server/problem.ru.md
375 silly gunzTarPerm extractEntry exercises/time_server/problem.zh-cn.md
376 silly gunzTarPerm modified mode [ 'exercises/time_server/problem.zh-cn.md', 436, 420 ]
377 silly gunzTarPerm extractEntry exercises/time_server/problem.zh-tw.md
378 silly gunzTarPerm modified mode [ 'exercises/time_server/problem.zh-tw.md', 436, 420 ]
379 silly gunzTarPerm extractEntry exercises/time_server/solution/solution.js
380 silly lockFile 2bd4d329-602969-0-904520467389375-package tar:///var/folders/q1/1t501pjx4hn9sbnvhmb8bvg80000gt/T/npm-55159-zqnXNYtl/1424389602969-0.904520467389375/package
381 silly lockFile 2bd4d329-602969-0-904520467389375-package tar:///var/folders/q1/1t501pjx4hn9sbnvhmb8bvg80000gt/T/npm-55159-zqnXNYtl/1424389602969-0.904520467389375/package
382 silly lockFile 5b8e0745-602969-0-904520467389375-tmp-tgz tar:///var/folders/q1/1t501pjx4hn9sbnvhmb8bvg80000gt/T/npm-55159-zqnXNYtl/1424389602969-0.904520467389375/tmp.tgz
383 silly lockFile 5b8e0745-602969-0-904520467389375-tmp-tgz tar:///var/folders/q1/1t501pjx4hn9sbnvhmb8bvg80000gt/T/npm-55159-zqnXNYtl/1424389602969-0.904520467389375/tmp.tgz
384 verbose tar pack [ '/Users/student/.npm/learnyounode/2.5.0/package.tgz',
384 verbose tar pack   '/var/folders/q1/1t501pjx4hn9sbnvhmb8bvg80000gt/T/npm-55159-zqnXNYtl/1424389602969-0.904520467389375/package' ]
385 verbose tarball /Users/student/.npm/learnyounode/2.5.0/package.tgz
386 verbose folder /var/folders/q1/1t501pjx4hn9sbnvhmb8bvg80000gt/T/npm-55159-zqnXNYtl/1424389602969-0.904520467389375/package
387 silly lockFile 2bd4d329-602969-0-904520467389375-package tar:///var/folders/q1/1t501pjx4hn9sbnvhmb8bvg80000gt/T/npm-55159-zqnXNYtl/1424389602969-0.904520467389375/package
388 verbose lock tar:///var/folders/q1/1t501pjx4hn9sbnvhmb8bvg80000gt/T/npm-55159-zqnXNYtl/1424389602969-0.904520467389375/package /Users/student/.npm/2bd4d329-602969-0-904520467389375-package.lock
389 silly lockFile 7a3137f6-m-learnyounode-2-5-0-package-tgz tar:///Users/student/.npm/learnyounode/2.5.0/package.tgz
390 verbose lock tar:///Users/student/.npm/learnyounode/2.5.0/package.tgz /Users/student/.npm/7a3137f6-m-learnyounode-2-5-0-package-tgz.lock
391 silly lockFile 2bd4d329-602969-0-904520467389375-package tar:///var/folders/q1/1t501pjx4hn9sbnvhmb8bvg80000gt/T/npm-55159-zqnXNYtl/1424389602969-0.904520467389375/package
392 silly lockFile 2bd4d329-602969-0-904520467389375-package tar:///var/folders/q1/1t501pjx4hn9sbnvhmb8bvg80000gt/T/npm-55159-zqnXNYtl/1424389602969-0.904520467389375/package
393 silly lockFile 7a3137f6-m-learnyounode-2-5-0-package-tgz tar:///Users/student/.npm/learnyounode/2.5.0/package.tgz
394 silly lockFile 7a3137f6-m-learnyounode-2-5-0-package-tgz tar:///Users/student/.npm/learnyounode/2.5.0/package.tgz
395 silly lockFile 567d2d71-t-npm-learnyounode-2-5-0-package /Users/student/.npm/learnyounode/2.5.0/package
396 verbose lock /Users/student/.npm/learnyounode/2.5.0/package /Users/student/.npm/567d2d71-t-npm-learnyounode-2-5-0-package.lock
397 silly lockFile 567d2d71-t-npm-learnyounode-2-5-0-package /Users/student/.npm/learnyounode/2.5.0/package
398 silly lockFile 567d2d71-t-npm-learnyounode-2-5-0-package /Users/student/.npm/learnyounode/2.5.0/package
399 verbose tar unpack /Users/student/.npm/learnyounode/2.5.0/package.tgz
400 silly lockFile 32d112cb-t-npm-learnyounode-2-5-0-package tar:///Users/student/.npm/learnyounode/2.5.0/package
401 verbose lock tar:///Users/student/.npm/learnyounode/2.5.0/package /Users/student/.npm/32d112cb-t-npm-learnyounode-2-5-0-package.lock
402 silly lockFile 7a3137f6-m-learnyounode-2-5-0-package-tgz tar:///Users/student/.npm/learnyounode/2.5.0/package.tgz
403 verbose lock tar:///Users/student/.npm/learnyounode/2.5.0/package.tgz /Users/student/.npm/7a3137f6-m-learnyounode-2-5-0-package-tgz.lock
404 silly gunzTarPerm modes [ '755', '644' ]
405 silly gunzTarPerm extractEntry package.json
406 silly gunzTarPerm extractEntry .npmignore
407 silly gunzTarPerm extractEntry README.md
408 silly gunzTarPerm extractEntry credits.js
409 silly gunzTarPerm extractEntry learnyounode.js
410 silly gunzTarPerm extractEntry credits.txt
411 silly gunzTarPerm extractEntry .jshintrc
412 silly gunzTarPerm extractEntry exercises/http_uppercaserer/exercise.js
413 silly gunzTarPerm extractEntry exercises/http_uppercaserer/problem.es.md
414 silly gunzTarPerm extractEntry exercises/http_uppercaserer/problem.fr.md
415 silly gunzTarPerm extractEntry exercises/http_uppercaserer/problem.ja.md
416 silly gunzTarPerm extractEntry exercises/http_uppercaserer/problem.md
417 silly gunzTarPerm extractEntry exercises/http_uppercaserer/problem.pt-br.md
418 silly gunzTarPerm extractEntry exercises/http_uppercaserer/problem.ru.md
419 silly gunzTarPerm extractEntry exercises/http_uppercaserer/problem.zh-cn.md
420 silly gunzTarPerm extractEntry exercises/http_uppercaserer/problem.zh-tw.md
421 silly gunzTarPerm extractEntry exercises/http_uppercaserer/solution/solution.js
422 silly gunzTarPerm extractEntry exercises/baby_steps/exercise.js
423 silly gunzTarPerm extractEntry exercises/baby_steps/problem.es.md
424 silly gunzTarPerm extractEntry exercises/baby_steps/problem.fr.md
425 silly gunzTarPerm extractEntry exercises/baby_steps/problem.ja.md
426 silly gunzTarPerm extractEntry exercises/baby_steps/problem.md
427 silly gunzTarPerm extractEntry exercises/baby_steps/problem.pt-br.md
428 silly gunzTarPerm extractEntry exercises/baby_steps/problem.ru.md
429 silly gunzTarPerm extractEntry exercises/baby_steps/problem.zh-cn.md
430 silly gunzTarPerm extractEntry exercises/baby_steps/problem.zh-tw.md
431 silly gunzTarPerm extractEntry exercises/baby_steps/solution/solution.js
432 silly gunzTarPerm extractEntry exercises/hello_world/exercise.js
433 silly gunzTarPerm extractEntry exercises/hello_world/solution_ja/solution.js
434 silly gunzTarPerm extractEntry exercises/hello_world/problem.fr.md
435 silly gunzTarPerm extractEntry exercises/hello_world/problem.ja.md
436 silly gunzTarPerm extractEntry exercises/hello_world/problem.md
437 silly gunzTarPerm extractEntry exercises/hello_world/problem.pt-br.md
438 silly gunzTarPerm extractEntry exercises/hello_world/problem.es.md
439 silly gunzTarPerm extractEntry exercises/hello_world/problem.zh-cn.md
440 silly gunzTarPerm extractEntry exercises/hello_world/problem.zh-tw.md
441 silly gunzTarPerm extractEntry exercises/hello_world/solution/solution.js
442 silly gunzTarPerm extractEntry exercises/hello_world/solution_fr/solution.js
443 silly gunzTarPerm extractEntry exercises/hello_world/problem.ru.md
444 silly gunzTarPerm extractEntry exercises/http_client/exercise.js
445 silly gunzTarPerm extractEntry exercises/http_client/problem.es.md
446 silly gunzTarPerm extractEntry exercises/http_client/problem.fr.md
447 silly gunzTarPerm extractEntry exercises/http_client/problem.ja.md
448 silly gunzTarPerm extractEntry exercises/http_client/problem.md
449 silly gunzTarPerm extractEntry exercises/http_client/problem.pt-br.md
450 silly gunzTarPerm extractEntry exercises/http_client/problem.ru.md
451 silly gunzTarPerm extractEntry exercises/http_client/problem.zh-cn.md
452 silly gunzTarPerm extractEntry exercises/http_client/problem.zh-tw.md
453 silly gunzTarPerm extractEntry exercises/http_client/solution/solution.js
454 silly gunzTarPerm extractEntry exercises/http_collect/exercise.js
455 silly gunzTarPerm extractEntry exercises/http_collect/problem.es.md
456 silly gunzTarPerm extractEntry exercises/http_collect/problem.fr.md
457 silly gunzTarPerm extractEntry exercises/http_collect/problem.ja.md
458 silly gunzTarPerm extractEntry exercises/http_collect/problem.md
459 silly gunzTarPerm extractEntry exercises/http_collect/problem.pt-br.md
460 silly gunzTarPerm extractEntry exercises/http_collect/problem.ru.md
461 silly gunzTarPerm extractEntry exercises/http_collect/problem.zh-cn.md
462 silly gunzTarPerm extractEntry exercises/http_collect/problem.zh-tw.md
463 silly gunzTarPerm extractEntry exercises/http_collect/solution/solution.js
464 silly gunzTarPerm extractEntry exercises/http_file_server/exercise.js
465 silly gunzTarPerm extractEntry exercises/http_file_server/problem.es.md
466 silly gunzTarPerm extractEntry exercises/http_file_server/problem.fr.md
467 silly gunzTarPerm extractEntry exercises/http_file_server/problem.ja.md
468 silly gunzTarPerm extractEntry exercises/http_file_server/problem.md
469 silly gunzTarPerm extractEntry exercises/http_file_server/problem.pt-br.md
470 silly gunzTarPerm extractEntry exercises/http_file_server/problem.ru.md
471 silly gunzTarPerm extractEntry exercises/http_file_server/problem.zh-cn.md
472 silly gunzTarPerm extractEntry exercises/http_file_server/problem.zh-tw.md
473 silly gunzTarPerm extractEntry exercises/http_file_server/solution/solution.js
474 silly gunzTarPerm extractEntry exercises/http_json_api_server/exercise.js
475 silly gunzTarPerm extractEntry exercises/http_json_api_server/problem.es.md
476 silly gunzTarPerm extractEntry exercises/http_json_api_server/problem.fr.md
477 silly gunzTarPerm extractEntry exercises/http_json_api_server/problem.ja.md
478 silly gunzTarPerm extractEntry exercises/http_json_api_server/problem.md
479 silly gunzTarPerm extractEntry exercises/http_json_api_server/problem.pt-br.md
480 silly gunzTarPerm extractEntry exercises/http_json_api_server/problem.ru.md
481 silly gunzTarPerm extractEntry exercises/http_json_api_server/problem.zh-cn.md
482 silly gunzTarPerm extractEntry exercises/http_json_api_server/problem.zh-tw.md
483 silly gunzTarPerm extractEntry exercises/http_json_api_server/solution/solution.js
484 silly gunzTarPerm extractEntry exercises/filtered_ls/exercise.js
485 silly gunzTarPerm extractEntry exercises/filtered_ls/solution/solution.js
486 silly gunzTarPerm extractEntry exercises/filtered_ls/problem.es.md
487 silly gunzTarPerm extractEntry exercises/filtered_ls/problem.fr.md
488 silly gunzTarPerm extractEntry exercises/filtered_ls/problem.ja.md
489 silly gunzTarPerm extractEntry exercises/filtered_ls/file-list.json
490 silly gunzTarPerm extractEntry exercises/filtered_ls/problem.pt-br.md
491 silly gunzTarPerm extractEntry exercises/filtered_ls/problem.ru.md
492 silly gunzTarPerm extractEntry exercises/filtered_ls/problem.zh-cn.md
493 silly gunzTarPerm extractEntry exercises/filtered_ls/problem.zh-tw.md
494 silly gunzTarPerm extractEntry exercises/filtered_ls/problem.md
495 silly gunzTarPerm extractEntry exercises/juggling_async/exercise.js
496 silly gunzTarPerm extractEntry exercises/juggling_async/problem.es.md
497 silly gunzTarPerm extractEntry exercises/juggling_async/problem.fr.md
498 silly gunzTarPerm extractEntry exercises/juggling_async/problem.ja.md
499 silly gunzTarPerm extractEntry exercises/juggling_async/problem.md
500 silly gunzTarPerm extractEntry exercises/juggling_async/problem.pt-br.md
501 silly gunzTarPerm extractEntry exercises/juggling_async/problem.ru.md
502 silly gunzTarPerm extractEntry exercises/juggling_async/problem.zh-cn.md
503 silly gunzTarPerm extractEntry exercises/juggling_async/problem.zh-tw.md
504 silly gunzTarPerm extractEntry exercises/juggling_async/solution/solution.js
505 silly gunzTarPerm extractEntry exercises/make_it_modular/exercise.js
506 silly gunzTarPerm extractEntry exercises/make_it_modular/verify.js
507 silly gunzTarPerm extractEntry exercises/make_it_modular/wrap-requires.js
508 silly gunzTarPerm extractEntry exercises/make_it_modular/problem.ja.md
509 silly gunzTarPerm extractEntry exercises/make_it_modular/problem.md
510 silly gunzTarPerm extractEntry exercises/make_it_modular/problem.pt-br.md
511 silly gunzTarPerm extractEntry exercises/make_it_modular/problem.es.md
512 silly gunzTarPerm extractEntry exercises/make_it_modular/problem.zh-cn.md
513 silly gunzTarPerm extractEntry exercises/make_it_modular/problem.zh-tw.md
514 silly gunzTarPerm extractEntry exercises/make_it_modular/solution/solution.js
515 silly gunzTarPerm extractEntry exercises/make_it_modular/solution/solution_filter.js
516 silly gunzTarPerm extractEntry exercises/make_it_modular/problem.fr.md
517 silly gunzTarPerm extractEntry exercises/make_it_modular/problem.ru.md
518 silly gunzTarPerm extractEntry exercises/menu.json
519 silly gunzTarPerm extractEntry exercises/my_first_async_io/exercise.js
520 silly gunzTarPerm extractEntry exercises/my_first_async_io/solution_ja/solution.js
521 silly gunzTarPerm extractEntry exercises/my_first_async_io/problem.fr.md
522 silly gunzTarPerm extractEntry exercises/my_first_async_io/problem.ja.md
523 silly gunzTarPerm extractEntry exercises/my_first_async_io/problem.md
524 silly gunzTarPerm extractEntry exercises/my_first_async_io/problem.pt-br.md
525 silly gunzTarPerm extractEntry exercises/my_first_async_io/problem.es.md
526 silly gunzTarPerm extractEntry exercises/my_first_async_io/problem.zh-cn.md
527 silly gunzTarPerm extractEntry exercises/my_first_async_io/problem.zh-tw.md
528 silly gunzTarPerm extractEntry exercises/my_first_async_io/solution/solution.js
529 silly gunzTarPerm extractEntry exercises/my_first_async_io/solution_fr/solution.js
530 silly gunzTarPerm extractEntry exercises/my_first_async_io/problem.ru.md
531 silly gunzTarPerm extractEntry exercises/my_first_io/exercise.js
532 silly gunzTarPerm extractEntry exercises/my_first_io/wrap.js
533 silly gunzTarPerm extractEntry exercises/my_first_io/problem.zh-cn.md
534 silly gunzTarPerm extractEntry exercises/my_first_io/problem.fr.md
535 silly gunzTarPerm extractEntry exercises/my_first_io/problem.md
536 silly gunzTarPerm extractEntry exercises/my_first_io/problem.pt-br.md
537 silly gunzTarPerm extractEntry exercises/my_first_io/problem.es.md
538 silly gunzTarPerm extractEntry exercises/my_first_io/problem.ja.md
539 silly gunzTarPerm extractEntry exercises/my_first_io/problem.zh-tw.md
540 silly gunzTarPerm extractEntry exercises/my_first_io/solution/solution.js
541 silly gunzTarPerm extractEntry exercises/my_first_io/solution_fr/solution.js
542 silly gunzTarPerm extractEntry exercises/my_first_io/solution_ja/solution.js
543 silly gunzTarPerm extractEntry exercises/my_first_io/problem.ru.md
544 silly gunzTarPerm extractEntry exercises/time_server/exercise.js
545 silly gunzTarPerm extractEntry exercises/time_server/problem.es.md
546 silly gunzTarPerm extractEntry exercises/time_server/problem.fr.md
547 silly gunzTarPerm extractEntry exercises/time_server/problem.ja.md
548 silly gunzTarPerm extractEntry exercises/time_server/problem.md
549 silly gunzTarPerm extractEntry exercises/time_server/problem.pt-br.md
550 silly gunzTarPerm extractEntry exercises/time_server/problem.ru.md
551 silly gunzTarPerm extractEntry exercises/time_server/problem.zh-cn.md
552 silly gunzTarPerm extractEntry exercises/time_server/problem.zh-tw.md
553 silly gunzTarPerm extractEntry exercises/time_server/solution/solution.js
554 silly gunzTarPerm extractEntry i18n/credits/en.txt
555 silly gunzTarPerm extractEntry i18n/credits/es.txt
556 silly gunzTarPerm extractEntry i18n/credits/fr.txt
557 silly gunzTarPerm extractEntry i18n/credits/ja.txt
558 silly gunzTarPerm extractEntry i18n/credits/pt-br.txt
559 silly gunzTarPerm extractEntry i18n/credits/ru.txt
560 silly gunzTarPerm extractEntry i18n/credits/zh-cn.txt
561 silly gunzTarPerm extractEntry i18n/credits/zh-tw.txt
562 silly gunzTarPerm extractEntry i18n/en.json
563 silly gunzTarPerm extractEntry i18n/es.json
564 silly gunzTarPerm extractEntry i18n/fr.json
565 silly gunzTarPerm extractEntry i18n/help/en.txt
566 silly gunzTarPerm extractEntry i18n/help/es.txt
567 silly gunzTarPerm extractEntry i18n/help/fr.txt
568 silly gunzTarPerm extractEntry i18n/help/ja.txt
569 silly gunzTarPerm extractEntry i18n/help/pt-br.txt
570 silly gunzTarPerm extractEntry i18n/help/ru.txt
571 silly gunzTarPerm extractEntry i18n/help/zh-cn.txt
572 silly gunzTarPerm extractEntry i18n/help/zh-tw.txt
573 silly gunzTarPerm extractEntry i18n/ja.json
574 silly gunzTarPerm extractEntry i18n/pt-br.json
575 silly gunzTarPerm extractEntry i18n/ru.json
576 silly gunzTarPerm extractEntry i18n/zh-cn.json
577 silly gunzTarPerm extractEntry i18n/zh-tw.json
578 silly gunzTarPerm extractEntry LICENSE.md
579 silly gunzTarPerm extractEntry lib/rndport.js
580 silly gunzTarPerm extractEntry node_apidoc/index.html
581 silly gunzTarPerm extractEntry node_apidoc/_toc.html
582 silly gunzTarPerm extractEntry node_apidoc/all.html
583 silly gunzTarPerm extractEntry node_apidoc/assert.html
584 silly gunzTarPerm extractEntry node_apidoc/assets/joyent-footer.svg
585 silly gunzTarPerm extractEntry node_apidoc/assets/logo.svg
586 silly gunzTarPerm extractEntry node_apidoc/assets/sh.css
587 silly gunzTarPerm extractEntry node_apidoc/assets/style.css
588 silly gunzTarPerm extractEntry node_apidoc/buffer.html
589 silly gunzTarPerm extractEntry node_apidoc/child_process.html
590 silly gunzTarPerm extractEntry node_apidoc/cluster.html
591 silly gunzTarPerm extractEntry node_apidoc/console.html
592 silly gunzTarPerm extractEntry node_apidoc/crypto.html
593 silly gunzTarPerm extractEntry node_apidoc/debugger.html
594 silly gunzTarPerm extractEntry node_apidoc/dgram.html
595 silly gunzTarPerm extractEntry node_apidoc/dns.html
596 silly gunzTarPerm extractEntry node_apidoc/documentation.html
597 silly gunzTarPerm extractEntry node_apidoc/domain.html
598 silly gunzTarPerm extractEntry node_apidoc/events.html
599 silly gunzTarPerm extractEntry node_apidoc/fs.html
600 silly gunzTarPerm extractEntry node_apidoc/globals.html
601 silly gunzTarPerm extractEntry node_apidoc/http.html
602 silly gunzTarPerm extractEntry node_apidoc/https.html
603 silly gunzTarPerm extractEntry node_apidoc/addons.html
604 silly gunzTarPerm extractEntry node_apidoc/modules.html
605 silly gunzTarPerm extractEntry node_apidoc/net.html
606 silly gunzTarPerm extractEntry node_apidoc/os.html
607 silly gunzTarPerm extractEntry node_apidoc/path.html
608 silly gunzTarPerm extractEntry node_apidoc/process.html
609 silly gunzTarPerm extractEntry node_apidoc/punycode.html
610 silly gunzTarPerm extractEntry node_apidoc/querystring.html
611 silly gunzTarPerm extractEntry node_apidoc/readline.html
612 silly gunzTarPerm extractEntry node_apidoc/repl.html
613 silly gunzTarPerm extractEntry node_apidoc/stream.html
614 silly gunzTarPerm extractEntry node_apidoc/string_decoder.html
615 silly gunzTarPerm extractEntry node_apidoc/synopsis.html
616 silly gunzTarPerm extractEntry node_apidoc/timers.html
617 silly gunzTarPerm extractEntry node_apidoc/tls.html
618 silly gunzTarPerm extractEntry node_apidoc/tty.html
619 silly gunzTarPerm extractEntry node_apidoc/url.html
620 silly gunzTarPerm extractEntry node_apidoc/util.html
621 silly gunzTarPerm extractEntry node_apidoc/vm.html
622 silly gunzTarPerm extractEntry node_apidoc/zlib.html
623 silly gunzTarPerm extractEntry docs/bl.html
624 silly gunzTarPerm extractEntry docs/concat-stream.html
625 silly gunzTarPerm extractEntry docs/through2-map.html
626 silly lockFile 32d112cb-t-npm-learnyounode-2-5-0-package tar:///Users/student/.npm/learnyounode/2.5.0/package
627 silly lockFile 32d112cb-t-npm-learnyounode-2-5-0-package tar:///Users/student/.npm/learnyounode/2.5.0/package
628 silly lockFile 7a3137f6-m-learnyounode-2-5-0-package-tgz tar:///Users/student/.npm/learnyounode/2.5.0/package.tgz
629 silly lockFile 7a3137f6-m-learnyounode-2-5-0-package-tgz tar:///Users/student/.npm/learnyounode/2.5.0/package.tgz
630 verbose chmod /Users/student/.npm/learnyounode/2.5.0/package.tgz 644
631 verbose chown /Users/student/.npm/learnyounode/2.5.0/package.tgz [ 506, 20 ]
632 silly lockFile 0fd62586-rnyounode-learnyounode-2-5-0-tgz https://registry.npmjs.org/learnyounode/-/learnyounode-2.5.0.tgz
633 silly lockFile 0fd62586-rnyounode-learnyounode-2-5-0-tgz https://registry.npmjs.org/learnyounode/-/learnyounode-2.5.0.tgz
634 silly lockFile a597ee04-learnyounode-2-5-0 learnyounode@2.5.0
635 silly lockFile a597ee04-learnyounode-2-5-0 learnyounode@2.5.0
636 silly lockFile a353de34-learnyounode learnyounode@
637 silly lockFile a353de34-learnyounode learnyounode@
638 silly resolved [ { name: 'learnyounode',
638 silly resolved     version: '2.5.0',
638 silly resolved     description: 'Learn You The Node.js For Much Win! An intro to Node.js via a set of self-guided workshops.',
638 silly resolved     author:
638 silly resolved      { name: 'Rod Vagg',
638 silly resolved        email: 'rod@vagg.org',
638 silly resolved        url: 'https://github.com/rvagg' },
638 silly resolved     contributors:
638 silly resolved      [ [Object],
638 silly resolved        [Object],
638 silly resolved        [Object],
638 silly resolved        [Object],
638 silly resolved        [Object],
638 silly resolved        [Object],
638 silly resolved        [Object],
638 silly resolved        [Object],
638 silly resolved        [Object],
638 silly resolved        [Object],
638 silly resolved        [Object],
638 silly resolved        [Object],
638 silly resolved        [Object],
638 silly resolved        [Object],
638 silly resolved        [Object],
638 silly resolved        [Object] ],
638 silly resolved     repository:
638 silly resolved      { type: 'git',
638 silly resolved        url: 'https://github.com/rvagg/learnyounode.git' },
638 silly resolved     license: 'MIT',
638 silly resolved     dependencies:
638 silly resolved      { after: '~0.8.1',
638 silly resolved        bl: '~0.9.4',
638 silly resolved        boganipsum: '~0.1.0',
638 silly resolved        chalk: '~0.5.1',
638 silly resolved        'colors-tmpl': '~1.0.0',
638 silly resolved        'combined-stream': '~0.0.7',
638 silly resolved        'concat-stream': '~1.4.7',
638 silly resolved        duplexer: '~0.1.1',
638 silly resolved        hyperquest: '~1.0.1',
638 silly resolved        rimraf: '~2.2.8',
638 silly resolved        through: '~2.3.6',
638 silly resolved        through2: '~0.6.3',
638 silly resolved        'through2-map': '~1.4.0',
638 silly resolved        workshopper: '~2.3.1',
638 silly resolved        'workshopper-exercise': '~2.3.0',
638 silly resolved        'workshopper-wrappedexec': '~0.1.1' },
638 silly resolved     bin: { learnyounode: './learnyounode.js' },
638 silly resolved     preferGlobal: true,
638 silly resolved     readme: '# Learn You The Node.js For Much Win!\n\n[![Gitter](https://badges.gitter.im/Join%20Chat.svg)](https://gitter.im/nodeschool/discussions?utm_source=badge&utm_medium=badge&utm_campaign=pr-badge&utm_content=badge)\n\n**An intro to Node.js via a set of self-guided workshops.**\n\n[![NPM](https://nodei.co/npm/learnyounode.png?downloads=true&&downloadRank=true&stars=true)](https://nodei.co/npm/learnyounode/) [![NPM](https://nodei.co/npm-dl/learnyounode.png?months=3&height=3)](https://nodei.co/npm/learnyounode/)\n\n![Learn You The Node.js For Much Win!](https://raw.github.com/rvagg/learnyounode/master/learnyounode.png)\n\n  1. Install [Node.js](http://nodejs.org/)\n  2. Run `sudo npm install learnyounode -g`\n  3. Run `learnyounode`\n  4. **.. profit!**\n\n<b><code>learnyounode</code></b> will run through a series of Node.js workshops. Starting at a basic *"HELLO WORLD"* and moving on to more advanced exercises about dealing with synchronous & asynchronous I/O, filesystem operations, TCP and HTTP networking, events and streams.\n\nOnce you have finished <b><code>learnyounode</code></b>, graduate to <b><code>[stream-adventure](https://github.com/substack/stream-adventure)</code></b> for a set of exercises that dig in to Node\'s streams.\n\n### Contributors\n\n<b><code>learnyounode</code></b> is proudly brought to you by the following hackers:\n\n<table><tbody>\n<tr><th align="left">Rod Vagg</th><td><a href="https://github.com/rvagg">GitHub/rvagg</a></td><td><a href="http://twitter.com/rvagg">Twitter/@rvagg</a></td></tr>\n<tr><th align="left">Andrey Sidorov</th><td><a href="https://github.com/sidorares">GitHub/sidorares</a></td><td><a href="http://twitter.com/sidorares">Twitter/@sidorares</a></td></tr>\n<tr><th align="left">Julin Duque</th><td><a href="https://github.com/julianduque">GitHub/julianduque</a></td><td><a href="http://twitter.com/julian_duque">Twitter/@julian_duque</a></td></tr>\n<tr><th align="left">Lars-Magnus Skog</th><td><a href="https://github.com/ralphtheninja">GitHub/ralphtheninja</a></td><td><a href="http://twitter.com/ralphtheninja">Twitter/@ralphtheninja</a></td></tr>\n<tr><th align="left">Tim Inman</th><td><a href="https://github.com/thehack">GitHub/thehack</a></td><td><a href="http://twitter.com/timinman">Twitter/@timinman</a></td></tr>\n<tr><th align="left">Dan Flettre</th><td><a href="https://github.com/Flet">GitHub/Flet</a></td><td><a href="http://twitter.com/flettre">Twitter/@flettre</a></td></tr>\n<tr><th align="left">Leigh Zhu</th><td><a href="https://github.com/lisposter">GitHub/lisposter</a></td><td><a href="http://twitter.com/lisposter">Twitter/@lisposter</a></td></tr>\n<tr><th align="left">Lucas F. da Costa</th><td><a href="https://github.com/lucasfcosta">GitHub/lucasfcosta</a></td><td></td></tr>\n<tr><th align="left">Martin Heidegger</th><td><a href="https://github.com/martinheidegger">GitHub/martinheidegger</a></td><td><a href="http://twitter.com/leichtgewicht">Twitter/@leichtgewicht</a></td></tr>\n<tr><th align="left">Toshiharu Harada</th><td><a href="https://github.com/haradats">GitHub/haradats</a></td><td><a href="http://twitter.com/haradats">Twitter/@haradats</a></td></tr>\n<tr><th align="left">Eric Douglas</th><td><a href="https://github.com/ericdouglas">GitHub/ericdouglas</a></td><td><a href="http://twitter.com/ericdouglas_">Twitter/@ericdouglas_</a></td></tr>\n<tr><th align="left">Alejandro Oviedo</th><td><a href="https://github.com/a0viedo">GitHub/a0viedo</a></td><td><a href="http://twitter.com/a0viedo">Twitter/@a0viedo</a></td></tr>\n<tr><th align="left">Leonardo Nascimento</th><td><a href="https://github.com/leonascimento">GitHub/leonascimento</a></td><td><a href="http://twitter.com/leonardo386">Twitter/leonardo386</a></td></tr>\n<tr><th align="left">Christophe Porteneuve</th><td><a href="https://github.com/tdd">GitHub/tdd</a></td><td><a href="http://twitter.com/porteneuve">Twitter/@porteneuve</a></td></tr>\n</tbody></table>\n\n## License\n\n**learnyounode** is Copyright (c) 2013-2015 learnyounode contributors (listed above) and licenced under the MIT licence. All rights not explicitly granted in the MIT license are reserved. See the included LICENSE.md file for more details.\n\n**learnyounode** builds on the excellent work by [@substack](https://github.com/substack) and [@maxogden](https://github.com/maxogden) who created **[stream-adventure](https://github.com/substack/stream-adventure)** which serves as the original foundation for **learnyounode**.\n',
638 silly resolved     readmeFilename: 'README.md',
638 silly resolved     bugs: { url: 'https://github.com/rvagg/learnyounode/issues' },
638 silly resolved     _id: 'learnyounode@2.5.0',
638 silly resolved     dist: { shasum: 'c74889b530a33a79b5c56c513a0f5b96958498a1' },
638 silly resolved     _from: 'learnyounode@',
638 silly resolved     _resolved: 'https://registry.npmjs.org/learnyounode/-/learnyounode-2.5.0.tgz' } ]
639 info install learnyounode@2.5.0 into /usr/local/lib
640 info installOne learnyounode@2.5.0
641 info /usr/local/lib/node_modules/learnyounode unbuild
642 verbose tar unpack /Users/student/.npm/learnyounode/2.5.0/package.tgz
643 silly lockFile 97422473-al-lib-node-modules-learnyounode tar:///usr/local/lib/node_modules/learnyounode
644 verbose lock tar:///usr/local/lib/node_modules/learnyounode /Users/student/.npm/97422473-al-lib-node-modules-learnyounode.lock
645 silly lockFile 7a3137f6-m-learnyounode-2-5-0-package-tgz tar:///Users/student/.npm/learnyounode/2.5.0/package.tgz
646 verbose lock tar:///Users/student/.npm/learnyounode/2.5.0/package.tgz /Users/student/.npm/7a3137f6-m-learnyounode-2-5-0-package-tgz.lock
647 silly gunzTarPerm modes [ '755', '644' ]
648 error Error: EACCES, mkdir '/usr/local/lib/node_modules/learnyounode'
648 error  { [Error: EACCES, mkdir '/usr/local/lib/node_modules/learnyounode']
648 error   errno: 3,
648 error   code: 'EACCES',
648 error   path: '/usr/local/lib/node_modules/learnyounode',
648 error   fstream_type: 'Directory',
648 error   fstream_path: '/usr/local/lib/node_modules/learnyounode',
648 error   fstream_class: 'DirWriter',
648 error   fstream_stack:
648 error    [ '/usr/local/lib/node_modules/npm/node_modules/fstream/lib/dir-writer.js:36:23',
648 error      '/usr/local/lib/node_modules/npm/node_modules/mkdirp/index.js:37:53',
648 error      'Object.oncomplete (fs.js:107:15)' ] }
649 error Please try running this command again as root/Administrator.
650 error System Darwin 14.0.0
651 error command "node" "/usr/local/bin/npm" "install" "-g" "learnyounode"
652 error cwd /Users/student/projects/Node
653 error node -v v0.10.31
654 error npm -v 1.3.11
655 error path /usr/local/lib/node_modules/learnyounode
656 error fstream_path /usr/local/lib/node_modules/learnyounode
657 error fstream_type Directory
658 error fstream_class DirWriter
659 error code EACCES
660 error errno 3
661 error stack Error: EACCES, mkdir '/usr/local/lib/node_modules/learnyounode'
662 error fstream_stack /usr/local/lib/node_modules/npm/node_modules/fstream/lib/dir-writer.js:36:23
662 error fstream_stack /usr/local/lib/node_modules/npm/node_modules/mkdirp/index.js:37:53
662 error fstream_stack Object.oncomplete (fs.js:107:15)
663 verbose exit [ 3, true ]
